{
"/Users/rik/GitHub/edia-frontend-build-proposal/src/js/main.ts":{"path":"/Users/rik/GitHub/edia-frontend-build-proposal/src/js/main.ts","s":{"1":1,"2":1,"3":1,"4":2,"5":0,"6":1,"7":1,"8":1},"b":{},"f":{"1":2,"2":0},"fnMap":{"1":{"name":"(anonymous_1)","line":4,"loc":{"start":{"line":4,"column":11},"end":{"line":4,"column":23}}},"2":{"name":"(anonymous_2)","line":7,"loc":{"start":{"line":7,"column":10},"end":{"line":7,"column":22}}}},"statementMap":{"1":{"start":{"line":1,"column":0},"end":{"line":1,"column":43}},"2":{"start":{"line":2,"column":0},"end":{"line":2,"column":48}},"3":{"start":{"line":3,"column":0},"end":{"line":10,"column":2}},"4":{"start":{"line":5,"column":8},"end":{"line":5,"column":40}},"5":{"start":{"line":8,"column":8},"end":{"line":8,"column":47}},"6":{"start":{"line":11,"column":0},"end":{"line":11,"column":12}},"7":{"start":{"line":12,"column":0},"end":{"line":12,"column":26}},"8":{"start":{"line":13,"column":0},"end":{"line":13,"column":25}}},"branchMap":{},"l":{"1":1,"2":1,"3":1,"5":2,"8":0,"11":1,"12":1,"13":1}},
"/Users/rik/GitHub/edia-frontend-build-proposal/src/js/config/bootstrap.ts":{"path":"/Users/rik/GitHub/edia-frontend-build-proposal/src/js/config/bootstrap.ts","s":{"1":1,"2":1,"3":2,"4":2,"5":1,"6":1},"b":{},"f":{"1":2,"2":2},"fnMap":{"1":{"name":"bootstrap","line":2,"loc":{"start":{"line":2,"column":0},"end":{"line":2,"column":21}}},"2":{"name":"(anonymous_2)","line":3,"loc":{"start":{"line":3,"column":37},"end":{"line":3,"column":64}}}},"statementMap":{"1":{"start":{"line":1,"column":0},"end":{"line":1,"column":43}},"2":{"start":{"line":2,"column":0},"end":{"line":6,"column":1}},"3":{"start":{"line":3,"column":4},"end":{"line":5,"column":7}},"4":{"start":{"line":4,"column":8},"end":{"line":4,"column":18}},"5":{"start":{"line":7,"column":0},"end":{"line":7,"column":26}},"6":{"start":{"line":8,"column":0},"end":{"line":8,"column":31}}},"branchMap":{},"l":{"1":1,"2":1,"3":2,"4":2,"7":1,"8":1}}}
